<?xml version="1.0" encoding="UTF-8"?>
<!-- Generated by org.testng.reporters.JUnitReportReporter -->
<testsuite hostname="DESKTOP-1LGJ23L" failures="0" tests="1" name="testCases.TC7_Screenshots" time="0.992" errors="0" timestamp="2025-02-22T16:06:32 EST" skipped="0">
  <testcase classname="testCases.TC7_Screenshots" name="Screenshot" time="0.992"/>
</testsuite> <!-- testCases.TC7_Screenshots -->
