<?xml version="1.0" encoding="UTF-8"?>
<!-- Generated by org.testng.reporters.JUnitReportReporter -->
<testsuite hostname="DESKTOP-1LGJ23L" failures="0" tests="2" name="testCases.TC3_UploadFiles" time="0.415" errors="0" timestamp="2025-02-07T20:12:22 EST" skipped="0">
  <testcase classname="testCases.TC3_UploadFiles" name="singlefileupload" time="0.085"/>
  <testcase classname="testCases.TC3_UploadFiles" name="multiplefilesupload" time="0.330"/>
</testsuite> <!-- testCases.TC3_UploadFiles -->
