<?xml version="1.0" encoding="UTF-8"?>
<!-- Generated by org.testng.reporters.JUnitReportReporter -->
<testsuite hostname="DESKTOP-1LGJ23L" failures="0" tests="1" name="testCases.TC13_StaticWebTable" time="0.330" errors="0" timestamp="2025-02-27T14:07:50 EST" skipped="0">
  <testcase classname="testCases.TC13_StaticWebTable" name="StaticTable" time="0.330"/>
</testsuite> <!-- testCases.TC13_StaticWebTable -->
