<?xml version="1.0" encoding="UTF-8"?>
<!-- Generated by org.testng.reporters.JUnitReportReporter -->
<testsuite hostname="DESKTOP-1LGJ23L" failures="0" tests="1" name="testCases.TC5_Actions" time="0.741" errors="0" timestamp="2025-02-20T17:29:30 EST" skipped="0">
  <testcase classname="testCases.TC5_Actions" name="DragandDrop" time="0.741"/>
</testsuite> <!-- testCases.TC5_Actions -->
