<?xml version="1.0" encoding="UTF-8"?>
<!-- Generated by org.testng.reporters.JUnitReportReporter -->
<testsuite hostname="DESKTOP-1LGJ23L" failures="0" tests="1" name="testCases.TC10_Slider" time="1.254" errors="0" timestamp="2025-02-22T08:10:20 EST" skipped="0">
  <testcase classname="testCases.TC10_Slider" name="testSlider" time="1.254"/>
</testsuite> <!-- testCases.TC10_Slider -->
