<?xml version="1.0" encoding="UTF-8"?>
<!-- Generated by org.testng.reporters.JUnitReportReporter -->
<testsuite hostname="DESKTOP-1LGJ23L" failures="0" tests="1" name="testCases.TC4_Frames" time="1.339" errors="0" timestamp="2025-02-08T17:41:28 EST" skipped="0">
  <testcase classname="testCases.TC4_Frames" name="frames" time="1.339"/>
</testsuite> <!-- testCases.TC4_Frames -->
