<?xml version="1.0" encoding="UTF-8"?>
<!-- Generated by org.testng.reporters.JUnitReportReporter -->
<testsuite hostname="DESKTOP-1LGJ23L" failures="0" tests="1" name="testCases.TC8_Headlesstesting" time="3.595" errors="0" timestamp="2025-02-20T16:47:01 EST" skipped="0">
  <testcase classname="testCases.TC8_Headlesstesting" name="LoginTest" time="3.595"/>
</testsuite> <!-- testCases.TC8_Headlesstesting -->
