<?xml version="1.0" encoding="UTF-8"?>
<!-- Generated by org.testng.reporters.JUnitReportReporter -->
<testsuite hostname="DESKTOP-1LGJ23L" failures="0" tests="1" name="testCases.TC6_ScrollingPage" time="0.572" errors="0" timestamp="2025-02-14T07:40:40 EST" skipped="0">
  <testcase classname="testCases.TC6_ScrollingPage" name="testscrolling" time="0.572"/>
</testsuite> <!-- testCases.TC6_ScrollingPage -->
