<?xml version="1.0" encoding="UTF-8"?>
<!-- Generated by org.testng.reporters.JUnitReportReporter -->
<testsuite hostname="DESKTOP-1LGJ23L" failures="0" tests="1" name="testCases.TC1_Loginpage" time="2.617" errors="0" timestamp="2025-01-19T18:04:53 EST" skipped="0">
  <testcase classname="testCases.TC1_Loginpage" name="LoginTest" time="2.617"/>
</testsuite> <!-- testCases.TC1_Loginpage -->
