<?xml version="1.0" encoding="UTF-8"?>
<!-- Generated by org.testng.reporters.JUnitReportReporter -->
<testsuite hostname="DESKTOP-1LGJ23L" failures="0" tests="1" name="testCases.TC2_AlertPopups" time="15.531" errors="0" timestamp="2025-01-19T19:04:07 EST" skipped="0">
  <testcase classname="testCases.TC2_AlertPopups" name="Alerts" time="15.531"/>
</testsuite> <!-- testCases.TC2_AlertPopups -->
