<?xml version="1.0" encoding="UTF-8"?>
<!-- Generated by org.testng.reporters.JUnitReportReporter -->
<testsuite hostname="DESKTOP-1LGJ23L" failures="0" tests="1" name="testCases.TC2_AlertPopups" time="0.932" errors="0" timestamp="2025-02-14T06:56:13 EST" skipped="0">
  <testcase classname="testCases.TC2_AlertPopups" name="Alerts" time="0.932"/>
</testsuite> <!-- testCases.TC2_AlertPopups -->
