<?xml version="1.0" encoding="UTF-8"?>
<!-- Generated by org.testng.reporters.JUnitReportReporter -->
<testsuite hostname="DESKTOP-1LGJ23L" failures="0" tests="1" name="testCases.TC7_Screenshots" time="0.362" errors="0" timestamp="2025-02-20T07:23:54 EST" skipped="0">
  <testcase classname="testCases.TC7_Screenshots" name="Screenshot" time="0.362"/>
</testsuite> <!-- testCases.TC7_Screenshots -->
